Mon Apr  5 00:42:21 2021       
+-----------------------------------------------------------------------------+
| NVIDIA-SMI 440.64       Driver Version: 440.64       CUDA Version: 10.2     |
|-------------------------------+----------------------+----------------------+
| GPU  Name        Persistence-M| Bus-Id        Disp.A | Volatile Uncorr. ECC |
| Fan  Temp  Perf  Pwr:Usage/Cap|         Memory-Usage | GPU-Util  Compute M. |
|===============================+======================+======================|
|   0  Tesla K40m          On   | 00000000:06:00.0 Off |                    0 |
| N/A   17C    P8    19W / 235W |      0MiB / 11441MiB |      0%      Default |
+-------------------------------+----------------------+----------------------+
                                                                               
+-----------------------------------------------------------------------------+
| Processes:                                                       GPU Memory |
|  GPU       PID   Type   Process name                             Usage      |
|=============================================================================|
|  No running processes found                                                 |
+-----------------------------------------------------------------------------+
Traceback (most recent call last):
  File "train_script.py", line 2, in <module>
    import data_loader
  File "/home/shug6698/tucker/data_loader.py", line 3, in <module>
    import torch
ModuleNotFoundError: No module named 'torch'
